{"name": "test_counter_displayed_on_cart[chrome]", "status": "broken", "statusDetails": {"message": "selenium.common.exceptions.TimeoutException: Message: \nStacktrace:\n0   chromedriver                        0x0000000100d14428 chromedriver + 4899880\n1   chromedriver                        0x0000000100c91a23 chromedriver + 4364835\n2   chromedriver                        0x00000001008dbbf6 chromedriver + 474102\n3   chromedriver                        0x000000010091f4f0 chromedriver + 750832\n4   chromedriver                        0x000000010091f751 chromedriver + 751441\n5   chromedriver                        0x0000000100963834 chromedriver + 1030196\n6   chromedriver                        0x000000010094558d chromedriver + 906637\n7   chromedriver                        0x0000000100960b5b chromedriver + 1018715\n8   chromedriver                        0x0000000100945333 chromedriver + 906035\n9   chromedriver                        0x000000010090f55f chromedriver + 685407\n10  chromedriver                        0x0000000100910a7e chromedriver + 690814\n11  chromedriver                        0x0000000100ce179e chromedriver + 4691870\n12  chromedriver                        0x0000000100ce6961 chromedriver + 4712801\n13  chromedriver                        0x0000000100ced2ff chromedriver + 4739839\n14  chromedriver                        0x0000000100ce785a chromedriver + 4716634\n15  chromedriver                        0x0000000100cb9fce chromedriver + 4530126\n16  chromedriver                        0x0000000100d075c8 chromedriver + 4847048\n17  chromedriver                        0x0000000100d07747 chromedriver + 4847431\n18  chromedriver                        0x0000000100d1c87f chromedriver + 4933759\n19  libsystem_pthread.dylib             0x00007ff81d7f9259 _pthread_start + 125\n20  libsystem_pthread.dylib             0x00007ff81d7f4c7b thread_start + 15", "trace": "self = <Tests.test_ItemDetails.TestHomePage object at 0x104b85a50>\n\n    def test_counter_displayed_on_cart(self):\n        self.loginPage = LoginPage(self.driver)\n        home_page = self.loginPage.login(TestData.USER_NAME, TestData.PASSWORD)\n        details_page = home_page.select_specific_element(TestData.HOME_PAGE_ITEMS_A_TO_Z[0])\n>       details_page.click_add_to_cart_button()\n\nTests/test_ItemDetails.py:35: \n_ _ _ _ _ _ _ _ _ _ _ _ _ _ _ _ _ _ _ _ _ _ _ _ _ _ _ _ _ _ _ _ _ _ _ _ _ _ _ _ _ _ _ _ _ _ _ _ _ _ _ _ _ _ _ _ _ _ _ _ _ _ _ _ _ _ _ _ _ _ _ _ _ _ _ _ _ _ _ _ _ _ _ _ _ _ _ _ _ _ _\nPages/ItemDetailsPage.py:32: in click_add_to_cart_button\n    self.click_element(self.ADD_TO_CART_BTN)\nPages/BasePage.py:19: in click_element\n    element = WebDriverWait(self.driver, 10).until(\n_ _ _ _ _ _ _ _ _ _ _ _ _ _ _ _ _ _ _ _ _ _ _ _ _ _ _ _ _ _ _ _ _ _ _ _ _ _ _ _ _ _ _ _ _ _ _ _ _ _ _ _ _ _ _ _ _ _ _ _ _ _ _ _ _ _ _ _ _ _ _ _ _ _ _ _ _ _ _ _ _ _ _ _ _ _ _ _ _ _ _\n\nself = <selenium.webdriver.support.wait.WebDriverWait (session=\"641c3b5534cadd27a2a29b108a47b6d7\")>\nmethod = <function visibility_of_element_located.<locals>._predicate at 0x104b1d9e0>, message = ''\n\n    def until(self, method, message: str = \"\"):\n        \"\"\"Calls the method provided with the driver as an argument until the \\\n        return value does not evaluate to ``False``.\n    \n        :param method: callable(WebDriver)\n        :param message: optional message for :exc:`TimeoutException`\n        :returns: the result of the last call to `method`\n        :raises: :exc:`selenium.common.exceptions.TimeoutException` if timeout occurs\n        \"\"\"\n        screen = None\n        stacktrace = None\n    \n        end_time = time.monotonic() + self._timeout\n        while True:\n            try:\n                value = method(self._driver)\n                if value:\n                    return value\n            except self._ignored_exceptions as exc:\n                screen = getattr(exc, \"screen\", None)\n                stacktrace = getattr(exc, \"stacktrace\", None)\n            time.sleep(self._poll)\n            if time.monotonic() > end_time:\n                break\n>       raise TimeoutException(message, screen, stacktrace)\nE       selenium.common.exceptions.TimeoutException: Message: \nE       Stacktrace:\nE       0   chromedriver                        0x0000000100d14428 chromedriver + 4899880\nE       1   chromedriver                        0x0000000100c91a23 chromedriver + 4364835\nE       2   chromedriver                        0x00000001008dbbf6 chromedriver + 474102\nE       3   chromedriver                        0x000000010091f4f0 chromedriver + 750832\nE       4   chromedriver                        0x000000010091f751 chromedriver + 751441\nE       5   chromedriver                        0x0000000100963834 chromedriver + 1030196\nE       6   chromedriver                        0x000000010094558d chromedriver + 906637\nE       7   chromedriver                        0x0000000100960b5b chromedriver + 1018715\nE       8   chromedriver                        0x0000000100945333 chromedriver + 906035\nE       9   chromedriver                        0x000000010090f55f chromedriver + 685407\nE       10  chromedriver                        0x0000000100910a7e chromedriver + 690814\nE       11  chromedriver                        0x0000000100ce179e chromedriver + 4691870\nE       12  chromedriver                        0x0000000100ce6961 chromedriver + 4712801\nE       13  chromedriver                        0x0000000100ced2ff chromedriver + 4739839\nE       14  chromedriver                        0x0000000100ce785a chromedriver + 4716634\nE       15  chromedriver                        0x0000000100cb9fce chromedriver + 4530126\nE       16  chromedriver                        0x0000000100d075c8 chromedriver + 4847048\nE       17  chromedriver                        0x0000000100d07747 chromedriver + 4847431\nE       18  chromedriver                        0x0000000100d1c87f chromedriver + 4933759\nE       19  libsystem_pthread.dylib             0x00007ff81d7f9259 _pthread_start + 125\nE       20  libsystem_pthread.dylib             0x00007ff81d7f4c7b thread_start + 15\n\nvenv/lib/python3.11/site-packages/selenium/webdriver/support/wait.py:95: TimeoutException"}, "parameters": [{"name": "init_driver", "value": "'chrome'"}], "start": 1679586475262, "stop": 1679586486142, "uuid": "ecdd2968-8a8c-4006-9858-4d638fda5e16", "historyId": "dc37f1d66d603063dbf5a3bc7dd9beaa", "testCaseId": "1c845049d0f83f482bae1b93fcf75909", "fullName": "Tests.test_ItemDetails.TestHomePage#test_counter_displayed_on_cart", "labels": [{"name": "tag", "value": "@pytest.mark.usefixtures('init_driver')"}, {"name": "parentSuite", "value": "Tests"}, {"name": "suite", "value": "test_ItemDetails"}, {"name": "subSuite", "value": "TestHomePage"}, {"name": "host", "value": "Sudips-MBP"}, {"name": "thread", "value": "50539-MainThread"}, {"name": "framework", "value": "pytest"}, {"name": "language", "value": "cpython3"}, {"name": "package", "value": "Tests.test_ItemDetails"}]}